{"/Users/kscit/Documents/study/webstudydeep/nodejs/lesson6/main.js":{"path":"/Users/kscit/Documents/study/webstudydeep/nodejs/lesson6/main.js","s":{"1":1,"2":182,"3":1,"4":181,"5":1,"6":180,"7":1,"8":179,"9":35,"10":144,"11":56,"12":88,"13":1,"14":0,"15":0,"16":1},"b":{"1":[1,181],"2":[1,180],"3":[1,179],"4":[35,144],"5":[56,88],"6":[0,1]},"f":{"1":182},"fnMap":{"1":{"name":"fibonacci","line":1,"loc":{"start":{"line":1,"column":0},"end":{"line":1,"column":22}}}},"statementMap":{"1":{"start":{"line":1,"column":0},"end":{"line":18,"column":1}},"2":{"start":{"line":2,"column":4},"end":{"line":4,"column":5}},"3":{"start":{"line":3,"column":8},"end":{"line":3,"column":47}},"4":{"start":{"line":5,"column":4},"end":{"line":7,"column":5}},"5":{"start":{"line":6,"column":8},"end":{"line":6,"column":40}},"6":{"start":{"line":8,"column":4},"end":{"line":10,"column":5}},"7":{"start":{"line":9,"column":8},"end":{"line":9,"column":39}},"8":{"start":{"line":11,"column":4},"end":{"line":17,"column":5}},"9":{"start":{"line":12,"column":8},"end":{"line":12,"column":17}},"10":{"start":{"line":13,"column":11},"end":{"line":17,"column":5}},"11":{"start":{"line":14,"column":8},"end":{"line":14,"column":17}},"12":{"start":{"line":16,"column":8},"end":{"line":16,"column":51}},"13":{"start":{"line":20,"column":0},"end":{"line":25,"column":1}},"14":{"start":{"line":23,"column":4},"end":{"line":23,"column":36}},"15":{"start":{"line":24,"column":4},"end":{"line":24,"column":57}},"16":{"start":{"line":28,"column":0},"end":{"line":28,"column":30}}},"branchMap":{"1":{"line":2,"type":"if","locations":[{"start":{"line":2,"column":4},"end":{"line":2,"column":4}},{"start":{"line":2,"column":4},"end":{"line":2,"column":4}}]},"2":{"line":5,"type":"if","locations":[{"start":{"line":5,"column":4},"end":{"line":5,"column":4}},{"start":{"line":5,"column":4},"end":{"line":5,"column":4}}]},"3":{"line":8,"type":"if","locations":[{"start":{"line":8,"column":4},"end":{"line":8,"column":4}},{"start":{"line":8,"column":4},"end":{"line":8,"column":4}}]},"4":{"line":11,"type":"if","locations":[{"start":{"line":11,"column":4},"end":{"line":11,"column":4}},{"start":{"line":11,"column":4},"end":{"line":11,"column":4}}]},"5":{"line":13,"type":"if","locations":[{"start":{"line":13,"column":11},"end":{"line":13,"column":11}},{"start":{"line":13,"column":11},"end":{"line":13,"column":11}}]},"6":{"line":20,"type":"if","locations":[{"start":{"line":20,"column":0},"end":{"line":20,"column":0}},{"start":{"line":20,"column":0},"end":{"line":20,"column":0}}]}}}}